#
# There is insufficient memory for the Java Runtime Environment to continue.
# Native memory allocation (malloc) failed to allocate 1048576 bytes for AllocateHeap
# Possible reasons:
#   The system is out of physical RAM or swap space
#   In 32 bit mode, the process size limit was hit
# Possible solutions:
#   Reduce memory load on the system
#   Increase physical memory or swap space
#   Check if swap backing store is full
#   Use 64 bit Java on a 64 bit OS
#   Decrease Java heap size (-Xmx/-Xms)
#   Decrease number of Java threads
#   Decrease Java thread stack sizes (-Xss)
#   Set larger code cache with -XX:ReservedCodeCacheSize=
# This output file may be truncated or incomplete.
#
#  Out of Memory Error (memory/allocation.inline.hpp:61), pid=2772, tid=0x000000000000153c
#
# JRE version:  (8.0_131-b11) (build )
# Java VM: Java HotSpot(TM) 64-Bit Server VM (25.131-b11 mixed mode windows-amd64 compressed oops)
# Failed to write core dump. Minidumps are not enabled by default on client versions of Windows
#

---------------  T H R E A D  ---------------

Current thread (0x000000000269e000):  JavaThread "Unknown thread" [_thread_in_vm, id=5436, stack(0x0000000002710000,0x0000000002810000)]

Stack: [0x0000000002710000,0x0000000002810000]
[error occurred during error reporting (printing stack bounds), id 0xc0000005]

Native frames: (J=compiled Java code, j=interpreted, Vv=VM code, C=native code)


---------------  P R O C E S S  ---------------

Java Threads: ( => current thread )

Other Threads:

=>0x000000000269e000 (exited) JavaThread "Unknown thread" [_thread_in_vm, id=5436, stack(0x0000000002710000,0x0000000002810000)]

VM state:not at safepoint (normal execution)

VM Mutex/Monitor currently owned by a thread: None

Heap:
 PSYoungGen      total 38400K, used 665K [0x00000000d5d00000, 0x00000000d8780000, 0x0000000100000000)
  eden space 33280K, 2% used [0x00000000d5d00000,0x00000000d5da6670,0x00000000d7d80000)
  from space 5120K, 0% used [0x00000000d8280000,0x00000000d8280000,0x00000000d8780000)
  to   space 5120K, 0% used [0x00000000d7d80000,0x00000000d7d80000,0x00000000d8280000)
 ParOldGen       total 87552K, used 0K [0x0000000081600000, 0x0000000086b80000, 0x00000000d5d00000)
  object space 87552K, 0% used [0x0000000081600000,0x0000000081600000,0x0000000086b80000)
 Metaspace       used 770K, capacity 4480K, committed 4480K, reserved 1056768K
  class space    used 75K, capacity 384K, committed 384K, reserved 1048576K

Card table byte_map: [0x0000000011cd0000,0x00000000120d0000] byte_map_base: 0x00000000118c5000

Marking Bits: (ParMarkBitMap*) 0x000000005588c720
 Begin Bits: [0x0000000012b80000, 0x0000000014b28000)
 End Bits:   [0x0000000014b28000, 0x0000000016ad0000)

Polling page: 0x0000000002620000

CodeCache: size=245760Kb used=328Kb max_used=328Kb free=245431Kb
 bounds [0x0000000002910000, 0x0000000002b80000, 0x0000000011910000]
 total_blobs=58 nmethods=0 adapters=38
 compilation: enabled

Compilation events (0 events):
No events

GC Heap History (0 events):
No events

Deoptimization events (0 events):
No events

Internal exceptions (0 events):
No events

Events (10 events):
Event: 0.063 loading class java/lang/Short
Event: 0.063 loading class java/lang/Short done
Event: 0.063 loading class java/lang/Integer
Event: 0.064 loading class java/lang/Integer done
Event: 0.064 loading class java/lang/Long
Event: 0.064 loading class java/lang/Long done
Event: 0.065 loading class java/lang/NullPointerException
Event: 0.065 loading class java/lang/NullPointerException done
Event: 0.065 loading class java/lang/ArithmeticException
Event: 0.065 loading class java/lang/ArithmeticException done


Dynamic libraries:
0x00007ff692f00000 - 0x00007ff692f37000 	C:\Program Files\Java\jdk1.8.0_131\bin\java.exe
0x00007ff817580000 - 0x00007ff81772a000 	C:\Windows\SYSTEM32\ntdll.dll
0x00007ff815080000 - 0x00007ff8151ba000 	C:\Windows\system32\KERNEL32.DLL
0x00007ff814cf0000 - 0x00007ff814e00000 	C:\Windows\system32\KERNELBASE.dll
0x00007ff813500000 - 0x00007ff813588000 	C:\Windows\system32\apphelp.dll
0x00007ffff3ca0000 - 0x00007ffff3cef000 	C:\Windows\AppPatch\AppPatch64\AcGenral.DLL
0x00007ff815a10000 - 0x00007ff815ab7000 	C:\Windows\system32\msvcrt.dll
0x00007ff8146d0000 - 0x00007ff8146fb000 	C:\Windows\SYSTEM32\SspiCli.dll
0x00007ff814f50000 - 0x00007ff814fa1000 	C:\Windows\system32\SHLWAPI.dll
0x00007ff817350000 - 0x00007ff8174c1000 	C:\Windows\system32\USER32.dll
0x00007ff8156e0000 - 0x00007ff815858000 	C:\Windows\system32\ole32.dll
0x00007ff815d80000 - 0x00007ff817197000 	C:\Windows\system32\SHELL32.dll
0x00007ff813f00000 - 0x00007ff813f1f000 	C:\Windows\SYSTEM32\USERENV.dll
0x00007ff815cd0000 - 0x00007ff815d75000 	C:\Windows\system32\ADVAPI32.dll
0x00007ff808920000 - 0x00007ff80893b000 	C:\Windows\SYSTEM32\MPR.dll
0x00007ff815360000 - 0x00007ff815496000 	C:\Windows\system32\RPCRT4.dll
0x00007ff815300000 - 0x00007ff815357000 	C:\Windows\SYSTEM32\sechost.dll
0x00007ff8154a0000 - 0x00007ff815676000 	C:\Windows\SYSTEM32\combase.dll
0x00007ff8171a0000 - 0x00007ff8172e5000 	C:\Windows\system32\GDI32.dll
0x00007ff8148f0000 - 0x00007ff814904000 	C:\Windows\SYSTEM32\profapi.dll
0x00007ff812f30000 - 0x00007ff812fcf000 	C:\Windows\SYSTEM32\SHCORE.dll
0x00007ff814e00000 - 0x00007ff814e34000 	C:\Windows\system32\IMM32.DLL
0x00007ff8151c0000 - 0x00007ff8152f9000 	C:\Windows\system32\MSCTF.dll
0x00007ff812940000 - 0x00007ff812b9a000 	C:\Windows\WinSxS\amd64_microsoft.windows.common-controls_6595b64144ccf1df_6.0.9600.17031_none_6242a4b3ecbb55a1\COMCTL32.dll
0x0000000055910000 - 0x00000000559e2000 	C:\Program Files\Java\jdk1.8.0_131\jre\bin\msvcr100.dll
0x0000000055070000 - 0x000000005590c000 	C:\Program Files\Java\jdk1.8.0_131\jre\bin\server\jvm.dll
0x00007ff808690000 - 0x00007ff808699000 	C:\Windows\SYSTEM32\WSOCK32.dll
0x00007ff80fcf0000 - 0x00007ff80fd0f000 	C:\Windows\SYSTEM32\WINMM.dll
0x00007ff810c90000 - 0x00007ff810c9a000 	C:\Windows\SYSTEM32\VERSION.dll
0x00007ff815070000 - 0x00007ff815077000 	C:\Windows\system32\PSAPI.DLL
0x00007ff8172f0000 - 0x00007ff817348000 	C:\Windows\system32\WS2_32.dll
0x00007ff80f990000 - 0x00007ff80f9ba000 	C:\Windows\SYSTEM32\WINMMBASE.dll
0x00007ff8174d0000 - 0x00007ff8174d9000 	C:\Windows\system32\NSI.dll
0x00007ff814ba0000 - 0x00007ff814bea000 	C:\Windows\SYSTEM32\cfgmgr32.dll
0x00007ff813780000 - 0x00007ff8137a6000 	C:\Windows\SYSTEM32\DEVOBJ.dll
0x00000000568e0000 - 0x00000000568ef000 	C:\Program Files\Java\jdk1.8.0_131\jre\bin\verify.dll
0x0000000055040000 - 0x0000000055069000 	C:\Program Files\Java\jdk1.8.0_131\jre\bin\java.dll
0x00000000568c0000 - 0x00000000568d6000 	C:\Program Files\Java\jdk1.8.0_131\jre\bin\zip.dll

VM Arguments:
jvm_args: -Dorg.gradle.appname=gradlew 
java_command: org.gradle.wrapper.GradleWrapperMain installDebug
java_class_path (initial): C:\Users\Sunnie\Desktop\reactApp\android\\gradle\wrapper\gradle-wrapper.jar
Launcher Type: SUN_STANDARD

Environment Variables:
JAVA_HOME=C:\Program Files\Java\jdk1.8.0_131
CLASSPATH=C:\Users\Sunnie\Desktop\reactApp\android\\gradle\wrapper\gradle-wrapper.jar
PATH=C:\Python27\;C:\Python27\Scripts;C:\ProgramData\Oracle\Java\javapath;C:\Program Files (x86)\Intel\iCLS Client\;C:\Program Files\Intel\iCLS Client\;C:\Windows\system32;C:\Windows;C:\Windows\System32\Wbem;C:\Windows\System32\WindowsPowerShell\v1.0\;C:\Program Files\Intel\Intel(R) Management Engine Components\DAL;C:\Program Files (x86)\Intel\Intel(R) Management Engine Components\DAL;C:\Program Files\Intel\Intel(R) Management Engine Components\IPT;C:\Program Files (x86)\Intel\Intel(R) Management Engine Components\IPT;C:\Program Files\Intel\WiFi\bin\;C:\Program Files\Common Files\Intel\WirelessCommon\;C:\Program Files (x86)\NVIDIA Corporation\PhysX\Common;C:\Program Files (x86)\Skype\Phone\;C:\Program Files (x86)\GtkSharp\2.12\bin;C:\Program Files\Microsoft SQL Server\110\Tools\Binn\;C:\Program Files\Microsoft SQL Server\120\Tools\Binn\;C:\Windows\system32\config\systemprofile\.dnx\bin;C:\Program Files\Microsoft DNX\Dnvm\;C:\Program Files\Microsoft SQL Server\130\Tools\Binn\;C:\ProgramData\chocolatey\bin;C:\Program Files\nodejs\;C:\Users\Sunnie\AppData\Local\Android\Sdk\platform-tools;C:\Users\Sunnie\AppData\Local\Android\Sdk\tools;C:\Program Files\Intel\WiFi\bin\;C:\Program Files\Common Files\Intel\WirelessCommon\;C:\Users\Sunnie\AppData\Roaming\npm;C:\Program Files (x86)\Microsoft VS Code\bin;C:\Program Files\Java\jdk1.8.0_131
USERNAME=Sunnie
OS=Windows_NT
PROCESSOR_IDENTIFIER=Intel64 Family 6 Model 60 Stepping 3, GenuineIntel



---------------  S Y S T E M  ---------------

OS: Windows 8.1 , 64 bit Build 9600 (6.3.9600.17031)

CPU:total 8 (initial active 8) (4 cores per cpu, 2 threads per core) family 6 model 60 stepping 3, cmov, cx8, fxsr, mmx, sse, sse2, sse3, ssse3, sse4.1, sse4.2, popcnt, avx, avx2, aes, clmul, erms, lzcnt, ht, tsc, tscinvbit, bmi1, bmi2

Memory: 4k page, physical 8293688k(635140k free), swap 11439416k(5476k free)

vm_info: Java HotSpot(TM) 64-Bit Server VM (25.131-b11) for windows-amd64 JRE (1.8.0_131-b11), built on Mar 15 2017 01:23:53 by "java_re" with MS VC++ 10.0 (VS2010)

time: Tue May 23 15:07:59 2017
elapsed time: 0 seconds (0d 0h 0m 0s)

