#
# There is insufficient memory for the Java Runtime Environment to continue.
# Native memory allocation (malloc) failed to allocate 99296 bytes for Chunk::new
# Possible reasons:
#   The system is out of physical RAM or swap space
#   In 32 bit mode, the process size limit was hit
# Possible solutions:
#   Reduce memory load on the system
#   Increase physical memory or swap space
#   Check if swap backing store is full
#   Use 64 bit Java on a 64 bit OS
#   Decrease Java heap size (-Xmx/-Xms)
#   Decrease number of Java threads
#   Decrease Java thread stack sizes (-Xss)
#   Set larger code cache with -XX:ReservedCodeCacheSize=
# This output file may be truncated or incomplete.
#
#  Out of Memory Error (allocation.cpp:390), pid=2416, tid=0x000000000000076c
#
# JRE version: OpenJDK Runtime Environment (8.0_112-b06) (build 1.8.0_112-release-b06)
# Java VM: OpenJDK 64-Bit Server VM (25.112-b06 mixed mode windows-amd64 compressed oops)
# Failed to write core dump. Minidumps are not enabled by default on client versions of Windows
#

---------------  T H R E A D  ---------------

Current thread (0x0000000016f67800):  JavaThread "C2 CompilerThread2" daemon [_thread_in_native, id=1900, stack(0x0000000017a90000,0x0000000017b90000)]

Stack: [0x0000000017a90000,0x0000000017b90000]
[error occurred during error reporting (printing stack bounds), id 0xc0000005]

Native frames: (J=compiled Java code, j=interpreted, Vv=VM code, C=native code)


Current CompileTask:
C2:   5414 4439 %     4       com.sun.xml.internal.bind.v2.runtime.unmarshaller.ValidatingUnmarshaller::text @ 25 (85 bytes)


---------------  P R O C E S S  ---------------

Java Threads: ( => current thread )
  0x0000000019d3e800 JavaThread "File lock request listener" [_thread_in_native, id=1852, stack(0x000000001cbe0000,0x000000001cce0000)]
  0x0000000018e5a000 JavaThread "Stdin handler" [_thread_blocked, id=5444, stack(0x000000001b810000,0x000000001b910000)]
  0x0000000018e42000 JavaThread "Asynchronous log dispatcher for DefaultDaemonConnection: socket connection from /127.0.0.1:58871 to /127.0.0.1:58872" [_thread_blocked, id=9692, stack(0x000000001b710000,0x000000001b810000)]
  0x0000000018d36000 JavaThread "Daemon worker" [_thread_in_Java, id=9868, stack(0x000000001b610000,0x000000001b710000)]
  0x0000000018c43800 JavaThread "Cancel handler" [_thread_blocked, id=5988, stack(0x000000001b510000,0x000000001b610000)]
  0x0000000018c41000 JavaThread "pool-1-thread-1" [_thread_blocked, id=9344, stack(0x000000001b410000,0x000000001b510000)]
  0x0000000018d95800 JavaThread "Handler for socket connection from /127.0.0.1:58871 to /127.0.0.1:58872" [_thread_in_native, id=8640, stack(0x000000001b310000,0x000000001b410000)]
  0x0000000018d93800 JavaThread "Daemon" [_thread_blocked, id=8972, stack(0x000000001b210000,0x000000001b310000)]
  0x0000000019056800 JavaThread "Incoming local TCP Connector on port 58871" [_thread_in_native, id=9932, stack(0x000000001ab10000,0x000000001ac10000)]
  0x0000000016ffe000 JavaThread "Service Thread" daemon [_thread_blocked, id=6608, stack(0x0000000017c90000,0x0000000017d90000)]
  0x0000000016fbb000 JavaThread "C1 CompilerThread3" daemon [_thread_in_vm, id=9436, stack(0x0000000017b90000,0x0000000017c90000)]
=>0x0000000016f67800 JavaThread "C2 CompilerThread2" daemon [_thread_in_native, id=1900, stack(0x0000000017a90000,0x0000000017b90000)]
  0x0000000016f63000 JavaThread "C2 CompilerThread1" daemon [_thread_in_native, id=10100, stack(0x0000000017990000,0x0000000017a90000)]
  0x0000000016f5f800 JavaThread "C2 CompilerThread0" daemon [_thread_in_native, id=5036, stack(0x0000000017890000,0x0000000017990000)]
  0x0000000016fac000 JavaThread "Attach Listener" daemon [_thread_blocked, id=6348, stack(0x0000000017790000,0x0000000017890000)]
  0x0000000016fab800 JavaThread "Signal Dispatcher" daemon [_thread_blocked, id=952, stack(0x0000000017690000,0x0000000017790000)]
  0x0000000016f50800 JavaThread "Finalizer" daemon [_thread_blocked, id=6372, stack(0x0000000017330000,0x0000000017430000)]
  0x0000000002547000 JavaThread "Reference Handler" daemon [_thread_blocked, id=9652, stack(0x0000000016e30000,0x0000000016f30000)]
  0x000000000230e800 JavaThread "main" [_thread_blocked, id=9828, stack(0x0000000002310000,0x0000000002410000)]

Other Threads:
  0x0000000015065800 VMThread [stack: 0x0000000016d30000,0x0000000016e30000] [id=7652]
  0x0000000016ffe800 WatcherThread [stack: 0x0000000017d90000,0x0000000017e90000] [id=5792]

VM state:not at safepoint (normal execution)

VM Mutex/Monitor currently owned by a thread:  ([mutex/lock_event])
[0x0000000002450350] CompiledIC_lock - owner thread: 0x0000000016fbb000

Heap:
 PSYoungGen      total 99840K, used 12609K [0x00000000eab00000, 0x00000000f3a80000, 0x0000000100000000)
  eden space 89088K, 2% used [0x00000000eab00000,0x00000000eacd5508,0x00000000f0200000)
  from space 10752K, 99% used [0x00000000f0f00000,0x00000000f197b2f0,0x00000000f1980000)
  to   space 13312K, 0% used [0x00000000f0200000,0x00000000f0200000,0x00000000f0f00000)
 ParOldGen       total 68608K, used 18800K [0x00000000c0000000, 0x00000000c4300000, 0x00000000eab00000)
  object space 68608K, 27% used [0x00000000c0000000,0x00000000c125c248,0x00000000c4300000)
 Metaspace       used 42916K, capacity 43872K, committed 44032K, reserved 1087488K
  class space    used 5811K, capacity 6077K, committed 6144K, reserved 1048576K

Card table byte_map: [0x0000000011910000,0x0000000011b20000] byte_map_base: 0x0000000011310000

Marking Bits: (ParMarkBitMap*) 0x00000000566018f0
 Begin Bits: [0x0000000012480000, 0x0000000013480000)
 End Bits:   [0x0000000013480000, 0x0000000014480000)

Polling page: 0x0000000002270000

CodeCache: size=245760Kb used=15645Kb max_used=16473Kb free=230114Kb
 bounds [0x0000000002550000, 0x0000000003580000, 0x0000000011550000]
 total_blobs=4780 nmethods=4052 adapters=640
 compilation: enabled

Compilation events (10 events):
Event: 5.407 Thread 0x0000000016f5f800 4472       4       java.lang.ref.Finalizer::access$100 (6 bytes)
Event: 5.407 Thread 0x0000000016fbb000 4476       3       com.sun.org.apache.xerces.internal.impl.xpath.regex.RegularExpression$StringTarget::charAt (9 bytes)
Event: 5.408 Thread 0x0000000016fbb000 nmethod 4476 0x00000000026ac690 code [0x00000000026ac800, 0x00000000026acb88]
Event: 5.408 Thread 0x0000000016f63000 nmethod 4374 0x0000000003567750 code [0x00000000035679c0, 0x0000000003569cf8]
Event: 5.408 Thread 0x0000000016f63000 4473   !   4       java.lang.ref.Finalizer::runFinalizer (62 bytes)
Event: 5.408 Thread 0x0000000016fbb000 4477       1       com.sun.xml.internal.bind.v2.runtime.unmarshaller.UnmarshallingContext$State::isMixed (5 bytes)
Event: 5.410 Thread 0x0000000016fbb000 nmethod 4477 0x000000000268d550 code [0x000000000268d6a0, 0x000000000268d7b0]
Event: 5.410 Thread 0x0000000016fbb000 4480       3       com.sun.org.apache.xerces.internal.impl.xs.XSElementDecl::getConstraintType (8 bytes)
Event: 5.410 Thread 0x0000000016fbb000 nmethod 4480 0x0000000002830b10 code [0x0000000002830c60, 0x0000000002830db0]
Event: 5.411 Thread 0x0000000016fbb000 4475       3       com.sun.org.apache.xerces.internal.impl.dv.xs.XSSimpleTypeDecl::validate (54 bytes)

GC Heap History (10 events):
Event: 2.904 GC heap before
{Heap before GC invocations=6 (full 1):
 PSYoungGen      total 71680K, used 66560K [0x00000000eab00000, 0x00000000ef600000, 0x0000000100000000)
  eden space 66560K, 100% used [0x00000000eab00000,0x00000000eec00000,0x00000000eec00000)
  from space 5120K, 0% used [0x00000000ef100000,0x00000000ef100000,0x00000000ef600000)
  to   space 5120K, 0% used [0x00000000eec00000,0x00000000eec00000,0x00000000ef100000)
 ParOldGen       total 68608K, used 9280K [0x00000000c0000000, 0x00000000c4300000, 0x00000000eab00000)
  object space 68608K, 13% used [0x00000000c0000000,0x00000000c09100d0,0x00000000c4300000)
 Metaspace       used 26295K, capacity 26810K, committed 26880K, reserved 1073152K
  class space    used 3635K, capacity 3776K, committed 3840K, reserved 1048576K
Event: 2.912 GC heap after
Heap after GC invocations=6 (full 1):
 PSYoungGen      total 71680K, used 5113K [0x00000000eab00000, 0x00000000f1a00000, 0x0000000100000000)
  eden space 66560K, 0% used [0x00000000eab00000,0x00000000eab00000,0x00000000eec00000)
  from space 5120K, 99% used [0x00000000eec00000,0x00000000ef0fe498,0x00000000ef100000)
  to   space 11264K, 0% used [0x00000000f0f00000,0x00000000f0f00000,0x00000000f1a00000)
 ParOldGen       total 68608K, used 12140K [0x00000000c0000000, 0x00000000c4300000, 0x00000000eab00000)
  object space 68608K, 17% used [0x00000000c0000000,0x00000000c0bdb390,0x00000000c4300000)
 Metaspace       used 26295K, capacity 26810K, committed 26880K, reserved 1073152K
  class space    used 3635K, capacity 3776K, committed 3840K, reserved 1048576K
}
Event: 3.599 GC heap before
{Heap before GC invocations=7 (full 1):
 PSYoungGen      total 71680K, used 71673K [0x00000000eab00000, 0x00000000f1a00000, 0x0000000100000000)
  eden space 66560K, 100% used [0x00000000eab00000,0x00000000eec00000,0x00000000eec00000)
  from space 5120K, 99% used [0x00000000eec00000,0x00000000ef0fe498,0x00000000ef100000)
  to   space 11264K, 0% used [0x00000000f0f00000,0x00000000f0f00000,0x00000000f1a00000)
 ParOldGen       total 68608K, used 12140K [0x00000000c0000000, 0x00000000c4300000, 0x00000000eab00000)
  object space 68608K, 17% used [0x00000000c0000000,0x00000000c0bdb390,0x00000000c4300000)
 Metaspace       used 29769K, capacity 30336K, committed 30464K, reserved 1075200K
  class space    used 4070K, capacity 4242K, committed 4352K, reserved 1048576K
Event: 3.607 GC heap after
Heap after GC invocations=7 (full 1):
 PSYoungGen      total 102400K, used 7473K [0x00000000eab00000, 0x00000000f1980000, 0x0000000100000000)
  eden space 91648K, 0% used [0x00000000eab00000,0x00000000eab00000,0x00000000f0480000)
  from space 10752K, 69% used [0x00000000f0f00000,0x00000000f164c7b0,0x00000000f1980000)
  to   space 10752K, 0% used [0x00000000f0480000,0x00000000f0480000,0x00000000f0f00000)
 ParOldGen       total 68608K, used 12148K [0x00000000c0000000, 0x00000000c4300000, 0x00000000eab00000)
  object space 68608K, 17% used [0x00000000c0000000,0x00000000c0bdd390,0x00000000c4300000)
 Metaspace       used 29769K, capacity 30336K, committed 30464K, reserved 1075200K
  class space    used 4070K, capacity 4242K, committed 4352K, reserved 1048576K
}
Event: 4.441 GC heap before
{Heap before GC invocations=8 (full 1):
 PSYoungGen      total 102400K, used 78133K [0x00000000eab00000, 0x00000000f1980000, 0x0000000100000000)
  eden space 91648K, 77% used [0x00000000eab00000,0x00000000ef000fa0,0x00000000f0480000)
  from space 10752K, 69% used [0x00000000f0f00000,0x00000000f164c7b0,0x00000000f1980000)
  to   space 10752K, 0% used [0x00000000f0480000,0x00000000f0480000,0x00000000f0f00000)
 ParOldGen       total 68608K, used 12148K [0x00000000c0000000, 0x00000000c4300000, 0x00000000eab00000)
  object space 68608K, 17% used [0x00000000c0000000,0x00000000c0bdd390,0x00000000c4300000)
 Metaspace       used 34786K, capacity 35394K, committed 35496K, reserved 1079296K
  class space    used 4674K, capacity 4846K, committed 4864K, reserved 1048576K
Event: 4.450 GC heap after
Heap after GC invocations=8 (full 1):
 PSYoungGen      total 102400K, used 10722K [0x00000000eab00000, 0x00000000f1980000, 0x0000000100000000)
  eden space 91648K, 0% used [0x00000000eab00000,0x00000000eab00000,0x00000000f0480000)
  from space 10752K, 99% used [0x00000000f0480000,0x00000000f0ef8938,0x00000000f0f00000)
  to   space 10752K, 0% used [0x00000000f0f00000,0x00000000f0f00000,0x00000000f1980000)
 ParOldGen       total 68608K, used 13545K [0x00000000c0000000, 0x00000000c4300000, 0x00000000eab00000)
  object space 68608K, 19% used [0x00000000c0000000,0x00000000c0d3a5c8,0x00000000c4300000)
 Metaspace       used 34786K, capacity 35394K, committed 35496K, reserved 1079296K
  class space    used 4674K, capacity 4846K, committed 4864K, reserved 1048576K
}
Event: 4.450 GC heap before
{Heap before GC invocations=9 (full 2):
 PSYoungGen      total 102400K, used 10722K [0x00000000eab00000, 0x00000000f1980000, 0x0000000100000000)
  eden space 91648K, 0% used [0x00000000eab00000,0x00000000eab00000,0x00000000f0480000)
  from space 10752K, 99% used [0x00000000f0480000,0x00000000f0ef8938,0x00000000f0f00000)
  to   space 10752K, 0% used [0x00000000f0f00000,0x00000000f0f00000,0x00000000f1980000)
 ParOldGen       total 68608K, used 13545K [0x00000000c0000000, 0x00000000c4300000, 0x00000000eab00000)
  object space 68608K, 19% used [0x00000000c0000000,0x00000000c0d3a5c8,0x00000000c4300000)
 Metaspace       used 34786K, capacity 35394K, committed 35496K, reserved 1079296K
  class space    used 4674K, capacity 4846K, committed 4864K, reserved 1048576K
Event: 4.519 GC heap after
Heap after GC invocations=9 (full 2):
 PSYoungGen      total 102400K, used 0K [0x00000000eab00000, 0x00000000f1980000, 0x0000000100000000)
  eden space 91648K, 0% used [0x00000000eab00000,0x00000000eab00000,0x00000000f0480000)
  from space 10752K, 0% used [0x00000000f0480000,0x00000000f0480000,0x00000000f0f00000)
  to   space 10752K, 0% used [0x00000000f0f00000,0x00000000f0f00000,0x00000000f1980000)
 ParOldGen       total 68608K, used 18309K [0x00000000c0000000, 0x00000000c4300000, 0x00000000eab00000)
  object space 68608K, 26% used [0x00000000c0000000,0x00000000c11e1490,0x00000000c4300000)
 Metaspace       used 34786K, capacity 35394K, committed 35496K, reserved 1079296K
  class space    used 4674K, capacity 4846K, committed 4864K, reserved 1048576K
}
Event: 5.396 GC heap before
{Heap before GC invocations=10 (full 2):
 PSYoungGen      total 102400K, used 91648K [0x00000000eab00000, 0x00000000f1980000, 0x0000000100000000)
  eden space 91648K, 100% used [0x00000000eab00000,0x00000000f0480000,0x00000000f0480000)
  from space 10752K, 0% used [0x00000000f0480000,0x00000000f0480000,0x00000000f0f00000)
  to   space 10752K, 0% used [0x00000000f0f00000,0x00000000f0f00000,0x00000000f1980000)
 ParOldGen       total 68608K, used 18309K [0x00000000c0000000, 0x00000000c4300000, 0x00000000eab00000)
  object space 68608K, 26% used [0x00000000c0000000,0x00000000c11e1490,0x00000000c4300000)
 Metaspace       used 42914K, capacity 43872K, committed 44032K, reserved 1087488K
  class space    used 5811K, capacity 6077K, committed 6144K, reserved 1048576K
Event: 5.404 GC heap after
Heap after GC invocations=10 (full 2):
 PSYoungGen      total 99840K, used 10732K [0x00000000eab00000, 0x00000000f3a80000, 0x0000000100000000)
  eden space 89088K, 0% used [0x00000000eab00000,0x00000000eab00000,0x00000000f0200000)
  from space 10752K, 99% used [0x00000000f0f00000,0x00000000f197b2f0,0x00000000f1980000)
  to   space 13312K, 0% used [0x00000000f0200000,0x00000000f0200000,0x00000000f0f00000)
 ParOldGen       total 68608K, used 18800K [0x00000000c0000000, 0x00000000c4300000, 0x00000000eab00000)
  object space 68608K, 27% used [0x00000000c0000000,0x00000000c125c248,0x00000000c4300000)
 Metaspace       used 42914K, capacity 43872K, committed 44032K, reserved 1087488K
  class space    used 5811K, capacity 6077K, committed 6144K, reserved 1048576K
}

Deoptimization events (10 events):
Event: 5.150 Thread 0x0000000018d36000 Uncommon trap: reason=class_check action=maybe_recompile pc=0x00000000031da884 method=java.util.AbstractList$Itr.next()Ljava/lang/Object; @ 14
Event: 5.152 Thread 0x0000000018d36000 Uncommon trap: reason=class_check action=maybe_recompile pc=0x00000000031da884 method=java.util.AbstractList$Itr.next()Ljava/lang/Object; @ 14
Event: 5.193 Thread 0x0000000018d36000 Uncommon trap: reason=class_check action=maybe_recompile pc=0x0000000002a7eeb0 method=java.io.DataInputStream.readUnsignedShort()I @ 4
Event: 5.193 Thread 0x0000000018d36000 Uncommon trap: reason=class_check action=maybe_recompile pc=0x0000000002a7eeb0 method=java.io.DataInputStream.readUnsignedShort()I @ 4
Event: 5.193 Thread 0x0000000018d36000 Uncommon trap: reason=class_check action=maybe_recompile pc=0x0000000002a7eeb0 method=java.io.DataInputStream.readUnsignedShort()I @ 4
Event: 5.193 Thread 0x0000000018d36000 Uncommon trap: reason=class_check action=maybe_recompile pc=0x0000000002a7eeb0 method=java.io.DataInputStream.readUnsignedShort()I @ 4
Event: 5.263 Thread 0x0000000018d36000 Uncommon trap: reason=unstable_if action=reinterpret pc=0x000000000313475c method=com.sun.org.apache.xerces.internal.utils.XMLLimitAnalyzer.addValue(ILjava/lang/String;I)V @ 68
Event: 5.263 Thread 0x0000000018d36000 Uncommon trap: reason=unstable_if action=reinterpret pc=0x00000000030e8a50 method=com.sun.org.apache.xerces.internal.utils.XMLSecurityManager.isOverLimit(ILcom/sun/org/apache/xerces/internal/utils/XMLLimitAnalyzer;)Z @ 38
Event: 5.298 Thread 0x0000000018d36000 Uncommon trap: reason=unstable_if action=reinterpret pc=0x0000000002d9123c method=java.util.WeakHashMap.remove(Ljava/lang/Object;)Ljava/lang/Object; @ 94
Event: 5.331 Thread 0x0000000018d36000 Uncommon trap: reason=unstable_if action=reinterpret pc=0x000000000306a308 method=java.lang.CharacterDataLatin1.digit(II)I @ 31

Internal exceptions (10 events):
Event: 5.104 Thread 0x0000000018d36000 Exception <a 'sun/nio/fs/WindowsException'> (0x00000000ef164998) thrown at [C:\src\android\AOSP-openjdk\external\jetbrains\jdk\hotspot\src\share\vm\prims\jni.cpp, line 709]
Event: 5.104 Thread 0x0000000018d36000 Exception <a 'sun/nio/fs/WindowsException'> (0x00000000ef165580) thrown at [C:\src\android\AOSP-openjdk\external\jetbrains\jdk\hotspot\src\share\vm\prims\jni.cpp, line 709]
Event: 5.104 Thread 0x0000000018d36000 Exception <a 'sun/nio/fs/WindowsException'> (0x00000000ef167198) thrown at [C:\src\android\AOSP-openjdk\external\jetbrains\jdk\hotspot\src\share\vm\prims\jni.cpp, line 709]
Event: 5.104 Thread 0x0000000018d36000 Exception <a 'sun/nio/fs/WindowsException'> (0x00000000ef167dc0) thrown at [C:\src\android\AOSP-openjdk\external\jetbrains\jdk\hotspot\src\share\vm\prims\jni.cpp, line 709]
Event: 5.104 Thread 0x0000000018d36000 Exception <a 'sun/nio/fs/WindowsException'> (0x00000000ef16ab70) thrown at [C:\src\android\AOSP-openjdk\external\jetbrains\jdk\hotspot\src\share\vm\prims\jni.cpp, line 709]
Event: 5.104 Thread 0x0000000018d36000 Exception <a 'sun/nio/fs/WindowsException'> (0x00000000ef16b7d0) thrown at [C:\src\android\AOSP-openjdk\external\jetbrains\jdk\hotspot\src\share\vm\prims\jni.cpp, line 709]
Event: 5.104 Thread 0x0000000018d36000 Exception <a 'sun/nio/fs/WindowsException'> (0x00000000ef16d460) thrown at [C:\src\android\AOSP-openjdk\external\jetbrains\jdk\hotspot\src\share\vm\prims\jni.cpp, line 709]
Event: 5.104 Thread 0x0000000018d36000 Exception <a 'sun/nio/fs/WindowsException'> (0x00000000ef16e100) thrown at [C:\src\android\AOSP-openjdk\external\jetbrains\jdk\hotspot\src\share\vm\prims\jni.cpp, line 709]
Event: 5.111 Thread 0x0000000018d36000 Exception <a 'java/lang/ClassNotFoundException': com/sun/org/glassfish/hk2/osgiresourcelocator/ServiceLoader> (0x00000000ef1c5c88) thrown at [C:\src\android\AOSP-openjdk\external\jetbrains\jdk\hotspot\src\share\vm\classfile\systemDictionary.cpp, line 210]
Event: 5.116 Thread 0x0000000018d36000 Exception <a 'java/lang/NullPointerException'> (0x00000000ef1fa870) thrown at [C:\src\android\AOSP-openjdk\external\jetbrains\jdk\hotspot\src\share\vm\interpreter\linkResolver.cpp, line 1280]

Events (10 events):
Event: 5.410 Thread 0x0000000016fbb000 flushing nmethod 0x00000000028b4250
Event: 5.410 Thread 0x0000000016fbb000 flushing nmethod 0x00000000028ceb10
Event: 5.410 Thread 0x0000000016fbb000 flushing nmethod 0x00000000028cfb90
Event: 5.410 Thread 0x0000000016fbb000 flushing nmethod 0x00000000028d0bd0
Event: 5.410 Thread 0x0000000016fbb000 flushing nmethod 0x00000000028d58d0
Event: 5.410 Thread 0x0000000016fbb000 flushing nmethod 0x00000000028e1290
Event: 5.410 Thread 0x0000000016fbb000 flushing nmethod 0x00000000028e3490
Event: 5.410 Thread 0x0000000016fbb000 flushing nmethod 0x00000000028e4810
Event: 5.410 Thread 0x0000000016fbb000 flushing nmethod 0x00000000028f5cd0
Event: 5.410 Thread 0x0000000016fbb000 flushing nmethod 0x00000000028fa210


Dynamic libraries:
0x00007ff774a90000 - 0x00007ff774ac1000 	C:\Program Files\Android\Android Studio\jre\bin\java.exe
0x00007ff817580000 - 0x00007ff81772a000 	C:\Windows\SYSTEM32\ntdll.dll
0x00007ff815080000 - 0x00007ff8151ba000 	C:\Windows\system32\KERNEL32.DLL
0x00007ff814cf0000 - 0x00007ff814e00000 	C:\Windows\system32\KERNELBASE.dll
0x00007ff815cd0000 - 0x00007ff815d75000 	C:\Windows\system32\ADVAPI32.dll
0x00007ff817350000 - 0x00007ff8174c1000 	C:\Windows\system32\USER32.dll
0x00007ff812940000 - 0x00007ff812b9a000 	C:\Windows\WinSxS\amd64_microsoft.windows.common-controls_6595b64144ccf1df_6.0.9600.17031_none_6242a4b3ecbb55a1\COMCTL32.dll
0x00007ff815a10000 - 0x00007ff815ab7000 	C:\Windows\system32\msvcrt.dll
0x00007ff815300000 - 0x00007ff815357000 	C:\Windows\SYSTEM32\sechost.dll
0x00007ff815360000 - 0x00007ff815496000 	C:\Windows\system32\RPCRT4.dll
0x00007ff8171a0000 - 0x00007ff8172e5000 	C:\Windows\system32\GDI32.dll
0x00007ff814e00000 - 0x00007ff814e34000 	C:\Windows\system32\IMM32.DLL
0x00007ff8151c0000 - 0x00007ff8152f9000 	C:\Windows\system32\MSCTF.dll
0x0000000054e00000 - 0x0000000054ed2000 	C:\Program Files\Android\Android Studio\jre\jre\bin\msvcr100.dll
0x0000000055e40000 - 0x000000005667c000 	C:\Program Files\Android\Android Studio\jre\jre\bin\server\jvm.dll
0x00007ff808690000 - 0x00007ff808699000 	C:\Windows\SYSTEM32\WSOCK32.dll
0x00007ff80fcf0000 - 0x00007ff80fd0f000 	C:\Windows\SYSTEM32\WINMM.dll
0x00007ff810c90000 - 0x00007ff810c9a000 	C:\Windows\SYSTEM32\VERSION.dll
0x00007ff815070000 - 0x00007ff815077000 	C:\Windows\system32\PSAPI.DLL
0x00007ff8172f0000 - 0x00007ff817348000 	C:\Windows\system32\WS2_32.dll
0x00007ff80f990000 - 0x00007ff80f9ba000 	C:\Windows\SYSTEM32\WINMMBASE.dll
0x00007ff8174d0000 - 0x00007ff8174d9000 	C:\Windows\system32\NSI.dll
0x00007ff814ba0000 - 0x00007ff814bea000 	C:\Windows\SYSTEM32\cfgmgr32.dll
0x00007ff813780000 - 0x00007ff8137a6000 	C:\Windows\SYSTEM32\DEVOBJ.dll
0x00007ff8113f0000 - 0x00007ff8113ff000 	C:\Program Files\Android\Android Studio\jre\jre\bin\verify.dll
0x00007ff8113c0000 - 0x00007ff8113e9000 	C:\Program Files\Android\Android Studio\jre\jre\bin\java.dll
0x00007ff808660000 - 0x00007ff808676000 	C:\Program Files\Android\Android Studio\jre\jre\bin\zip.dll
0x00007ff815d80000 - 0x00007ff817197000 	C:\Windows\system32\SHELL32.dll
0x00007ff8154a0000 - 0x00007ff815676000 	C:\Windows\SYSTEM32\combase.dll
0x00007ff814f50000 - 0x00007ff814fa1000 	C:\Windows\system32\SHLWAPI.dll
0x00007ff812f30000 - 0x00007ff812fcf000 	C:\Windows\SYSTEM32\SHCORE.dll
0x00007ff8148f0000 - 0x00007ff814904000 	C:\Windows\SYSTEM32\profapi.dll
0x00007ff806530000 - 0x00007ff80654a000 	C:\Program Files\Android\Android Studio\jre\jre\bin\net.dll
0x00007ff814150000 - 0x00007ff8141a8000 	C:\Windows\system32\mswsock.dll
0x00007ff806510000 - 0x00007ff806521000 	C:\Program Files\Android\Android Studio\jre\jre\bin\nio.dll
0x00007ffff7f30000 - 0x00007ffff7f4e000 	C:\Users\Sunnie\.gradle\native\23\windows-amd64\native-platform.dll
0x00007ff8141b0000 - 0x00007ff8141ce000 	C:\Windows\SYSTEM32\CRYPTSP.dll
0x00007ff813df0000 - 0x00007ff813e25000 	C:\Windows\system32\rsaenh.dll
0x00007ff8143e0000 - 0x00007ff814406000 	C:\Windows\SYSTEM32\bcrypt.dll
0x00007ff813f00000 - 0x00007ff813f1f000 	C:\Windows\SYSTEM32\USERENV.dll
0x00007ff814700000 - 0x00007ff814760000 	C:\Windows\system32\bcryptprimitives.dll
0x00007ff814860000 - 0x00007ff81486a000 	C:\Windows\SYSTEM32\CRYPTBASE.dll
0x00007ff80ebb0000 - 0x00007ff80ebd9000 	C:\Windows\SYSTEM32\IPHLPAPI.DLL
0x00007ff80eb90000 - 0x00007ff80eb9a000 	C:\Windows\SYSTEM32\WINNSI.DLL
0x00007ff80e710000 - 0x00007ff80e724000 	C:\Windows\SYSTEM32\dhcpcsvc6.DLL
0x00007ff80e8d0000 - 0x00007ff80e8e9000 	C:\Windows\SYSTEM32\dhcpcsvc.DLL
0x00007ff811360000 - 0x00007ff81136d000 	C:\Program Files\Android\Android Studio\jre\jre\bin\management.dll

VM Arguments:
jvm_args: -XX:MaxPermSize=256m -XX:+HeapDumpOnOutOfMemoryError -Xmx1024m -Dfile.encoding=x-windows-874 -Duser.country=US -Duser.language=en -Duser.variant 
java_command: org.gradle.launcher.daemon.bootstrap.GradleDaemon 3.3
java_class_path (initial): C:\Users\Sunnie\.gradle\wrapper\dists\gradle-3.3-all\55gk2rcmfc6p2dg9u9ohc3hw9\gradle-3.3\lib\gradle-launcher-3.3.jar
Launcher Type: SUN_STANDARD

Environment Variables:
JAVA_HOME=C:\Program Files\Java\jdk1.8.0_131
PATH=C:\Python27\;C:\Python27\Scripts;C:\ProgramData\Oracle\Java\javapath;C:\Program Files (x86)\Intel\iCLS Client\;C:\Program Files\Intel\iCLS Client\;C:\Windows\system32;C:\Windows;C:\Windows\System32\Wbem;C:\Windows\System32\WindowsPowerShell\v1.0\;C:\Program Files\Intel\Intel(R) Management Engine Components\DAL;C:\Program Files (x86)\Intel\Intel(R) Management Engine Components\DAL;C:\Program Files\Intel\Intel(R) Management Engine Components\IPT;C:\Program Files (x86)\Intel\Intel(R) Management Engine Components\IPT;C:\Program Files\Intel\WiFi\bin\;C:\Program Files\Common Files\Intel\WirelessCommon\;C:\Program Files (x86)\NVIDIA Corporation\PhysX\Common;C:\Program Files (x86)\Skype\Phone\;C:\Program Files (x86)\GtkSharp\2.12\bin;C:\Program Files\Microsoft SQL Server\110\Tools\Binn\;C:\Program Files\Microsoft SQL Server\120\Tools\Binn\;C:\Windows\system32\config\systemprofile\.dnx\bin;C:\Program Files\Microsoft DNX\Dnvm\;C:\Program Files\Microsoft SQL Server\130\Tools\Binn\;C:\ProgramData\chocolatey\bin;C:\Program Files\nodejs\;C:\Users\Sunnie\AppData\Local\Android\Sdk\platform-tools;C:\Users\Sunnie\AppData\Local\Android\Sdk\tools;C:\Program Files\Intel\WiFi\bin\;C:\Program Files\Common Files\Intel\WirelessCommon\;C:\Users\Sunnie\AppData\Roaming\npm;C:\Program Files (x86)\Microsoft VS Code\bin;C:\Program Files\Java\jdk1.8.0_131
USERNAME=Sunnie
OS=Windows_NT
PROCESSOR_IDENTIFIER=Intel64 Family 6 Model 60 Stepping 3, GenuineIntel



---------------  S Y S T E M  ---------------

OS: Windows 8.1 , 64 bit Build 9600 (6.3.9600.17031)

CPU:total 8 (4 cores per cpu, 2 threads per core) family 6 model 60 stepping 3, cmov, cx8, fxsr, mmx, sse, sse2, sse3, ssse3, sse4.1, sse4.2, popcnt, avx, avx2, aes, clmul, erms, lzcnt, ht, tsc, tscinvbit, bmi1, bmi2

Memory: 4k page, physical 8293688k(493676k free), swap 11439416k(5152k free)

vm_info: OpenJDK 64-Bit Server VM (25.112-b06) for windows-amd64 JRE (1.8.0_112-release-b06), built on Dec  8 2016 00:54:26 by "builder" with MS VC++ 10.0 (VS2010)

time: Tue May 23 15:09:07 2017
elapsed time: 5 seconds (0d 0h 0m 5s)

